Generated at 2024-08-24 20:29:31 +0530
Net::HTTPServerException: 412 "Precondition Failed"
/opt/chef-workstation/embedded/lib/ruby/3.1.0/net/http/response.rb:124:in `error!'
/opt/chef-workstation/embedded/lib/ruby/gems/3.1.0/gems/chef-18.5.0/lib/chef/http.rb:158:in `request'
/opt/chef-workstation/embedded/lib/ruby/gems/3.1.0/gems/chef-18.5.0/lib/chef/http.rb:137:in `post'
/opt/chef-workstation/embedded/lib/ruby/gems/3.1.0/gems/chef-18.5.0/lib/chef/policy_builder/expand_node_object.rb:186:in `sync_cookbooks'
/opt/chef-workstation/embedded/lib/ruby/gems/3.1.0/gems/chef-18.5.0/lib/chef/policy_builder/expand_node_object.rb:89:in `setup_run_context'
/opt/chef-workstation/embedded/lib/ruby/3.1.0/forwardable.rb:238:in `setup_run_context'
/opt/chef-workstation/embedded/lib/ruby/gems/3.1.0/gems/chef-18.5.0/lib/chef/client.rb:494:in `setup_run_context'
/opt/chef-workstation/embedded/lib/ruby/gems/3.1.0/gems/chef-18.5.0/lib/chef/client.rb:294:in `run'
/opt/chef-workstation/embedded/lib/ruby/gems/3.1.0/gems/chef-18.5.0/lib/chef/application.rb:305:in `run_with_graceful_exit_option'
/opt/chef-workstation/embedded/lib/ruby/gems/3.1.0/gems/chef-18.5.0/lib/chef/application.rb:281:in `block in run_chef_client'
/opt/chef-workstation/embedded/lib/ruby/gems/3.1.0/gems/chef-18.5.0/lib/chef/local_mode.rb:42:in `with_server_connectivity'
/opt/chef-workstation/embedded/lib/ruby/gems/3.1.0/gems/chef-18.5.0/lib/chef/application.rb:264:in `run_chef_client'
/opt/chef-workstation/embedded/lib/ruby/gems/3.1.0/gems/chef-18.5.0/lib/chef/application/base.rb:354:in `run_application'
/opt/chef-workstation/embedded/lib/ruby/gems/3.1.0/gems/chef-18.5.0/lib/chef/application.rb:67:in `run'
/opt/chef-workstation/embedded/lib/ruby/gems/3.1.0/gems/chef-18.5.0/lib/chef/application/solo.rb:60:in `run'
/opt/chef-workstation/embedded/lib/ruby/gems/3.1.0/gems/chef-bin-18.5.0/bin/chef-solo:24:in `<top (required)>'
/usr/local/bin/chef-solo:440:in `load'
/usr/local/bin/chef-solo:440:in `<main>'